0 info it worked if it ends with ok
1 verbose cli [ '/home/joaopedro/.nvm/versions/node/v5.0.0/bin/node',
1 verbose cli   '/home/joaopedro/.nvm/versions/node/v5.0.0/bin/npm',
1 verbose cli   'run',
1 verbose cli   'dev' ]
2 info using npm@3.3.6
3 info using node@v5.0.0
4 verbose run-script [ 'predev', 'dev', 'postdev' ]
5 info lifecycle apocalipse@1.0.0~predev: apocalipse@1.0.0
6 silly lifecycle apocalipse@1.0.0~predev: no script for predev, continuing
7 info lifecycle apocalipse@1.0.0~dev: apocalipse@1.0.0
8 verbose lifecycle apocalipse@1.0.0~dev: unsafe-perm in lifecycle true
9 verbose lifecycle apocalipse@1.0.0~dev: PATH: /home/joaopedro/.nvm/versions/node/v5.0.0/lib/node_modules/npm/bin/node-gyp-bin:/home/joaopedro/Documentos/ProjetosReact/apocalipse/node_modules/.bin:/home/joaopedro/.nvm/versions/node/v5.0.0/bin:/usr/local/sbin:/usr/local/bin:/usr/sbin:/usr/bin:/sbin:/bin:/usr/games:/usr/local/games:/usr/lib/jvm/java-8-oracle/bin:/usr/lib/jvm/java-8-oracle/db/bin:/usr/lib/jvm/java-8-oracle/jre/bin:/opt/android-sdk/tools:/opt/android-sdk/platform-tools:/opt/node/bin:/opt/gradle/bin:/home/joaopedro/.config/composer/vendor/bin
10 verbose lifecycle apocalipse@1.0.0~dev: CWD: /home/joaopedro/Documentos/ProjetosReact/apocalipse
11 silly lifecycle apocalipse@1.0.0~dev: Args: [ '-c', 'node server.js' ]
12 silly lifecycle apocalipse@1.0.0~dev: Returned: code: 1  signal: null
13 info lifecycle apocalipse@1.0.0~dev: Failed to exec dev script
14 verbose stack Error: apocalipse@1.0.0 dev: `node server.js`
14 verbose stack Exit status 1
14 verbose stack     at EventEmitter.<anonymous> (/home/joaopedro/.nvm/versions/node/v5.0.0/lib/node_modules/npm/lib/utils/lifecycle.js:233:16)
14 verbose stack     at emitTwo (events.js:87:13)
14 verbose stack     at EventEmitter.emit (events.js:172:7)
14 verbose stack     at ChildProcess.<anonymous> (/home/joaopedro/.nvm/versions/node/v5.0.0/lib/node_modules/npm/lib/utils/spawn.js:24:14)
14 verbose stack     at emitTwo (events.js:87:13)
14 verbose stack     at ChildProcess.emit (events.js:172:7)
14 verbose stack     at maybeClose (internal/child_process.js:818:16)
14 verbose stack     at Process.ChildProcess._handle.onexit (internal/child_process.js:211:5)
15 verbose pkgid apocalipse@1.0.0
16 verbose cwd /home/joaopedro/Documentos/ProjetosReact/apocalipse
17 error Linux 4.4.0-70-generic
18 error argv "/home/joaopedro/.nvm/versions/node/v5.0.0/bin/node" "/home/joaopedro/.nvm/versions/node/v5.0.0/bin/npm" "run" "dev"
19 error node v5.0.0
20 error npm  v3.3.6
21 error code ELIFECYCLE
22 error apocalipse@1.0.0 dev: `node server.js`
22 error Exit status 1
23 error Failed at the apocalipse@1.0.0 dev script 'node server.js'.
23 error This is most likely a problem with the apocalipse package,
23 error not with npm itself.
23 error Tell the author that this fails on your system:
23 error     node server.js
23 error You can get their info via:
23 error     npm owner ls apocalipse
23 error There is likely additional logging output above.
24 verbose exit [ 1, true ]
